
> chrome-side-panel@0.1.0 start
> react-scripts start

(node:15964) [DEP0176] DeprecationWarning: fs.F_OK is deprecated, use fs.constants.F_OK instead
(Use `node --trace-deprecation ...` to show where the warning was created)
Browserslist: caniuse-lite is outdated. Please run:
  npx update-browserslist-db@latest
  Why you should do it regularly: https://github.com/browserslist/update-db#readme
(node:15964) [DEP_WEBPACK_DEV_SERVER_ON_AFTER_SETUP_MIDDLEWARE] DeprecationWarning: 'onAfterSetupMiddleware' option is deprecated. Please use the 'setupMiddlewares' option.
(node:15964) [DEP_WEBPACK_DEV_SERVER_ON_BEFORE_SETUP_MIDDLEWARE] DeprecationWarning: 'onBeforeSetupMiddleware' option is deprecated. Please use the 'setupMiddlewares' option.
Starting the development server...

Compiled successfully!

You can now view chrome-side-panel in the browser.

  Local:            http://localhost:3000
  On Your Network:  http://172.18.129.164:3000

Note that the development build is not optimized.
To create a production build, use npm run build.

webpack compiled successfully
Compiling...
Compiled successfully!
webpack compiled successfully
Compiling...
Compiled successfully!
webpack compiled successfully
Compiling...
Failed to compile.

Syntax error: /Users/kostakarathanasopoulos/case-study/src/components/ChatWindow.css Unexpected } (223:1)
  221 |   max-height: 200px;
  222 |   margin-right: 10px;
> 223 | }
      | ^
  224 | 
  225 | .input-area input {
ERROR in ./src/components/ChatWindow.css (./node_modules/css-loader/dist/cjs.js??ruleSet[1].rules[1].oneOf[5].use[1]!./node_modules/postcss-loader/dist/cjs.js??ruleSet[1].rules[1].oneOf[5].use[2]!./node_modules/source-map-loader/dist/cjs.js!./src/components/ChatWindow.css)
Module build failed (from ./node_modules/postcss-loader/dist/cjs.js):
SyntaxError

(223:1) /Users/kostakarathanasopoulos/case-study/src/components/ChatWindow.css Unexpected }

  221 |   max-height: 200px;
  222 |   margin-right: 10px;
> 223 | }
      | ^
  224 | 
  225 | .input-area input {

webpack compiled with 1 error
Compiling...
Failed to compile.

Syntax error: /Users/kostakarathanasopoulos/case-study/src/components/ChatWindow.css Unexpected } (223:1)
  221 |   max-height: 200px;
  222 |   margin-right: 10px;
> 223 | }
      | ^
  224 | 
  225 | .input-area input {
ERROR in ./src/components/ChatWindow.css (./node_modules/css-loader/dist/cjs.js??ruleSet[1].rules[1].oneOf[5].use[1]!./node_modules/postcss-loader/dist/cjs.js??ruleSet[1].rules[1].oneOf[5].use[2]!./node_modules/source-map-loader/dist/cjs.js!./src/components/ChatWindow.css)
Module build failed (from ./node_modules/postcss-loader/dist/cjs.js):
SyntaxError

(223:1) /Users/kostakarathanasopoulos/case-study/src/components/ChatWindow.css Unexpected }

  221 |   max-height: 200px;
  222 |   margin-right: 10px;
> 223 | }
      | ^
  224 | 
  225 | .input-area input {

webpack compiled with 1 error
Compiling...
Failed to compile.

Syntax error: /Users/kostakarathanasopoulos/case-study/src/components/ChatWindow.css Unexpected } (223:1)
  221 |   max-height: 200px;
  222 |   margin-right: 10px;
> 223 | }
      | ^
  224 | 
  225 | .input-area input {
ERROR in ./src/components/ChatWindow.css (./node_modules/css-loader/dist/cjs.js??ruleSet[1].rules[1].oneOf[5].use[1]!./node_modules/postcss-loader/dist/cjs.js??ruleSet[1].rules[1].oneOf[5].use[2]!./node_modules/source-map-loader/dist/cjs.js!./src/components/ChatWindow.css)
Module build failed (from ./node_modules/postcss-loader/dist/cjs.js):
SyntaxError

(223:1) /Users/kostakarathanasopoulos/case-study/src/components/ChatWindow.css Unexpected }

  221 |   max-height: 200px;
  222 |   margin-right: 10px;
> 223 | }
      | ^
  224 | 
  225 | .input-area input {

webpack compiled with 1 error
Compiling...
Failed to compile.

Syntax error: /Users/kostakarathanasopoulos/case-study/src/components/ChatWindow.css Unexpected } (223:1)
  221 |   max-height: 200px;
  222 |   margin-right: 10px;
> 223 | }
      | ^
  224 | 
  225 | .input-area input {
ERROR in ./src/components/ChatWindow.css (./node_modules/css-loader/dist/cjs.js??ruleSet[1].rules[1].oneOf[5].use[1]!./node_modules/postcss-loader/dist/cjs.js??ruleSet[1].rules[1].oneOf[5].use[2]!./node_modules/source-map-loader/dist/cjs.js!./src/components/ChatWindow.css)
Module build failed (from ./node_modules/postcss-loader/dist/cjs.js):
SyntaxError

(223:1) /Users/kostakarathanasopoulos/case-study/src/components/ChatWindow.css Unexpected }

  221 |   max-height: 200px;
  222 |   margin-right: 10px;
> 223 | }
      | ^
  224 | 
  225 | .input-area input {

webpack compiled with 1 error
Compiling...
Failed to compile.

Syntax error: /Users/kostakarathanasopoulos/case-study/src/components/ChatWindow.css Unexpected } (223:1)
  221 |   max-height: 200px;
  222 |   margin-right: 10px;
> 223 | }
      | ^
  224 | 
  225 | .input-area input {
ERROR in ./src/components/ChatWindow.css (./node_modules/css-loader/dist/cjs.js??ruleSet[1].rules[1].oneOf[5].use[1]!./node_modules/postcss-loader/dist/cjs.js??ruleSet[1].rules[1].oneOf[5].use[2]!./node_modules/source-map-loader/dist/cjs.js!./src/components/ChatWindow.css)
Module build failed (from ./node_modules/postcss-loader/dist/cjs.js):
SyntaxError

(223:1) /Users/kostakarathanasopoulos/case-study/src/components/ChatWindow.css Unexpected }

  221 |   max-height: 200px;
  222 |   margin-right: 10px;
> 223 | }
      | ^
  224 | 
  225 | .input-area input {

webpack compiled with 1 error
Compiling...
Failed to compile.

Syntax error: /Users/kostakarathanasopoulos/case-study/src/components/ChatWindow.css Unexpected } (223:1)
  221 |   max-height: 200px;
  222 |   margin-right: 10px;
> 223 | }
      | ^
  224 | 
  225 | .input-area input {
ERROR in ./src/components/ChatWindow.css (./node_modules/css-loader/dist/cjs.js??ruleSet[1].rules[1].oneOf[5].use[1]!./node_modules/postcss-loader/dist/cjs.js??ruleSet[1].rules[1].oneOf[5].use[2]!./node_modules/source-map-loader/dist/cjs.js!./src/components/ChatWindow.css)
Module build failed (from ./node_modules/postcss-loader/dist/cjs.js):
SyntaxError

(223:1) /Users/kostakarathanasopoulos/case-study/src/components/ChatWindow.css Unexpected }

  221 |   max-height: 200px;
  222 |   margin-right: 10px;
> 223 | }
      | ^
  224 | 
  225 | .input-area input {

webpack compiled with 1 error
Compiling...
Failed to compile.

Syntax error: /Users/kostakarathanasopoulos/case-study/src/components/ChatWindow.css Unexpected } (223:1)
  221 |   max-height: 200px;
  222 |   margin-right: 10px;
> 223 | }
      | ^
  224 | 
  225 | .input-area input {
ERROR in ./src/components/ChatWindow.css (./node_modules/css-loader/dist/cjs.js??ruleSet[1].rules[1].oneOf[5].use[1]!./node_modules/postcss-loader/dist/cjs.js??ruleSet[1].rules[1].oneOf[5].use[2]!./node_modules/source-map-loader/dist/cjs.js!./src/components/ChatWindow.css)
Module build failed (from ./node_modules/postcss-loader/dist/cjs.js):
SyntaxError

(223:1) /Users/kostakarathanasopoulos/case-study/src/components/ChatWindow.css Unexpected }

  221 |   max-height: 200px;
  222 |   margin-right: 10px;
> 223 | }
      | ^
  224 | 
  225 | .input-area input {

webpack compiled with 1 error
Compiling...
Failed to compile.

Syntax error: /Users/kostakarathanasopoulos/case-study/src/components/ChatWindow.css Unexpected } (275:1)
  273 |   transition: all 0.2s ease;
  274 |   box-shadow: 0 2px 8px rgba(0, 48, 135, 0.2);
> 275 | }
      | ^
  276 | 
  277 | .input-area button:hover:not(:disabled) {
ERROR in ./src/components/ChatWindow.css (./node_modules/css-loader/dist/cjs.js??ruleSet[1].rules[1].oneOf[5].use[1]!./node_modules/postcss-loader/dist/cjs.js??ruleSet[1].rules[1].oneOf[5].use[2]!./node_modules/source-map-loader/dist/cjs.js!./src/components/ChatWindow.css)
Module build failed (from ./node_modules/postcss-loader/dist/cjs.js):
SyntaxError

(275:1) /Users/kostakarathanasopoulos/case-study/src/components/ChatWindow.css Unexpected }

  273 |   transition: all 0.2s ease;
  274 |   box-shadow: 0 2px 8px rgba(0, 48, 135, 0.2);
> 275 | }
      | ^
  276 | 
  277 | .input-area button:hover:not(:disabled) {

webpack compiled with 1 error
Compiling...
Failed to compile.

Syntax error: /Users/kostakarathanasopoulos/case-study/src/components/ChatWindow.css Unexpected } (346:1)
  344 |   margin: 0 0 4px 0;
  345 |   letter-spacing: 0.3px;
> 346 | }
      | ^
  347 | 
  348 | .quick-action-btn {
ERROR in ./src/components/ChatWindow.css (./node_modules/css-loader/dist/cjs.js??ruleSet[1].rules[1].oneOf[5].use[1]!./node_modules/postcss-loader/dist/cjs.js??ruleSet[1].rules[1].oneOf[5].use[2]!./node_modules/source-map-loader/dist/cjs.js!./src/components/ChatWindow.css)
Module build failed (from ./node_modules/postcss-loader/dist/cjs.js):
SyntaxError

(346:1) /Users/kostakarathanasopoulos/case-study/src/components/ChatWindow.css Unexpected }

  344 |   margin: 0 0 4px 0;
  345 |   letter-spacing: 0.3px;
> 346 | }
      | ^
  347 | 
  348 | .quick-action-btn {

webpack compiled with 1 error
Compiling...
Failed to compile.

Syntax error: /Users/kostakarathanasopoulos/case-study/src/components/ChatWindow.css Unexpected } (346:1)
  344 |   margin: 0 0 4px 0;
  345 |   letter-spacing: 0.3px;
> 346 | }
      | ^
  347 | 
  348 | .quick-action-btn {
ERROR in ./src/components/ChatWindow.css (./node_modules/css-loader/dist/cjs.js??ruleSet[1].rules[1].oneOf[5].use[1]!./node_modules/postcss-loader/dist/cjs.js??ruleSet[1].rules[1].oneOf[5].use[2]!./node_modules/source-map-loader/dist/cjs.js!./src/components/ChatWindow.css)
Module build failed (from ./node_modules/postcss-loader/dist/cjs.js):
SyntaxError

(346:1) /Users/kostakarathanasopoulos/case-study/src/components/ChatWindow.css Unexpected }

  344 |   margin: 0 0 4px 0;
  345 |   letter-spacing: 0.3px;
> 346 | }
      | ^
  347 | 
  348 | .quick-action-btn {

webpack compiled with 1 error
Compiling...
Compiled successfully!
webpack compiled successfully
Compiling...
Compiled successfully!
webpack compiled successfully
[0;33mOne of your dependencies, babel-preset-react-app, is importing the
"@babel/plugin-proposal-private-property-in-object" package without
declaring it in its dependencies. This is currently working because
"@babel/plugin-proposal-private-property-in-object" is already in your
node_modules folder for unrelated reasons, but it [1mmay break at any time[0;33m.

babel-preset-react-app is part of the create-react-app project, [1mwhich
is not maintianed anymore[0;33m. It is thus unlikely that this bug will
ever be fixed. Add "@babel/plugin-proposal-private-property-in-object" to
your devDependencies to work around this error. This will make this message
go away.[0m
  
The build failed because the process exited too early. This probably means the system ran out of memory or someone called `kill -9` on the process.
